<?xml version="1.0" encoding="UTF-8"?>
<testng-results skipped="0" failed="0" total="1" passed="1">
  <reporter-output>
  </reporter-output>
  <suite name="Default suite" duration-ms="173436" started-at="2020-02-05T17:38:37Z" finished-at="2020-02-05T17:41:31Z">
    <groups>
    </groups>
    <test name="Default test" duration-ms="173436" started-at="2020-02-05T17:38:37Z" finished-at="2020-02-05T17:41:31Z">
      <class name="com.tripsdvisor.script.SubmitReviewTest">
        <test-method status="PASS" signature="configBC()[pri:0, instance:com.tripsdvisor.script.SubmitReviewTest@9629756]" name="configBC" is-config="true" duration-ms="10063" started-at="2020-02-05T23:08:37Z" finished-at="2020-02-05T23:08:47Z">
          <reporter-output>
          </reporter-output>
        </test-method> <!-- configBC -->
        <test-method status="PASS" signature="configBM()[pri:0, instance:com.tripsdvisor.script.SubmitReviewTest@9629756]" name="configBM" is-config="true" duration-ms="66800" started-at="2020-02-05T23:08:47Z" finished-at="2020-02-05T23:09:54Z">
          <reporter-output>
          </reporter-output>
        </test-method> <!-- configBM -->
        <test-method status="PASS" signature="submitReviewTripAdvisorTest()[pri:0, instance:com.tripsdvisor.script.SubmitReviewTest@9629756]" name="submitReviewTripAdvisorTest" duration-ms="95035" started-at="2020-02-05T23:09:54Z" finished-at="2020-02-05T23:11:29Z">
          <reporter-output>
          </reporter-output>
        </test-method> <!-- submitReviewTripAdvisorTest -->
        <test-method status="PASS" signature="configAM()[pri:0, instance:com.tripsdvisor.script.SubmitReviewTest@9629756]" name="configAM" is-config="true" duration-ms="0" started-at="2020-02-05T23:11:29Z" finished-at="2020-02-05T23:11:29Z">
          <reporter-output>
          </reporter-output>
        </test-method> <!-- configAM -->
        <test-method status="PASS" signature="configAT()[pri:0, instance:com.tripsdvisor.script.SubmitReviewTest@9629756]" name="configAT" is-config="true" duration-ms="1517" started-at="2020-02-05T23:11:29Z" finished-at="2020-02-05T23:11:31Z">
          <reporter-output>
          </reporter-output>
        </test-method> <!-- configAT -->
      </class> <!-- com.tripsdvisor.script.SubmitReviewTest -->
    </test> <!-- Default test -->
  </suite> <!-- Default suite -->
</testng-results>
